[16-03-2021 11:36:04] PayPal\Core\PayPalHttpConnection : INFO: POST https://api.sandbox.paypal.com/v1/oauth2/token
[16-03-2021 11:36:06] PayPal\Core\PayPalHttpConnection : INFO: Response Status 	: 401
[16-03-2021 11:36:06] PayPal\Core\PayPalHttpConnection : ERROR: Got Http response code 401 when accessing https://api.sandbox.paypal.com/v1/oauth2/token. {"error":"invalid_client","error_description":"Client Authentication failed"}
[16-03-2021 11:37:06] PayPal\Core\PayPalHttpConnection : INFO: POST https://api.sandbox.paypal.com/v1/oauth2/token
[16-03-2021 11:37:10] PayPal\Core\PayPalHttpConnection : INFO: Response Status 	: 200
[16-03-2021 11:37:10] PayPal\Core\PayPalHttpConnection : INFO: POST https://api.sandbox.paypal.com/v1/payments/payment
[16-03-2021 11:37:13] PayPal\Core\PayPalHttpConnection : INFO: Response Status 	: 201
[16-03-2021 11:38:57] PayPal\Core\PayPalHttpConnection : INFO: GET https://api.sandbox.paypal.com/v1/payments/payment/PAYID-MBIIUWQ61L04444NF232460N
[16-03-2021 11:38:59] PayPal\Core\PayPalHttpConnection : INFO: Response Status 	: 200
[16-03-2021 11:38:59] PayPal\Core\PayPalHttpConnection : INFO: POST https://api.sandbox.paypal.com/v1/payments/payment/PAYID-MBIIUWQ61L04444NF232460N/execute
[16-03-2021 11:39:02] PayPal\Core\PayPalHttpConnection : INFO: Response Status 	: 200
[16-03-2021 11:41:39] PayPal\Core\PayPalHttpConnection : INFO: POST https://api.sandbox.paypal.com/v1/payments/payment
[16-03-2021 11:41:42] PayPal\Core\PayPalHttpConnection : INFO: Response Status 	: 201
[16-03-2021 12:03:07] PayPal\Core\PayPalHttpConnection : INFO: POST https://api.sandbox.paypal.com/v1/payments/payment
[16-03-2021 12:03:09] PayPal\Core\PayPalHttpConnection : INFO: Response Status 	: 201
[16-03-2021 12:06:08] PayPal\Core\PayPalHttpConnection : INFO: GET https://api.sandbox.paypal.com/v1/payments/payment/PAYID-MBIJA3Y0M709438JB369625J
[16-03-2021 12:06:09] PayPal\Core\PayPalHttpConnection : INFO: Response Status 	: 200
[16-03-2021 12:06:10] PayPal\Core\PayPalHttpConnection : INFO: POST https://api.sandbox.paypal.com/v1/payments/payment/PAYID-MBIJA3Y0M709438JB369625J/execute
[16-03-2021 12:06:13] PayPal\Core\PayPalHttpConnection : INFO: Response Status 	: 200
[16-03-2021 12:06:54] PayPal\Core\PayPalHttpConnection : INFO: GET https://api.sandbox.paypal.com/v1/payments/payment/PAYID-MBIIW2A3L990879RB6087713
[16-03-2021 12:06:56] PayPal\Core\PayPalHttpConnection : INFO: Response Status 	: 200
[16-03-2021 12:06:56] PayPal\Core\PayPalHttpConnection : INFO: POST https://api.sandbox.paypal.com/v1/payments/payment/PAYID-MBIIW2A3L990879RB6087713/execute
[16-03-2021 12:07:00] PayPal\Core\PayPalHttpConnection : INFO: Response Status 	: 200
[18-03-2021 07:47:38] PayPal\Core\PayPalHttpConnection : INFO: POST https://api.sandbox.paypal.com/v1/oauth2/token
[18-03-2021 07:47:42] PayPal\Core\PayPalHttpConnection : INFO: Response Status 	: 200
[18-03-2021 07:47:42] PayPal\Core\PayPalHttpConnection : INFO: POST https://api.sandbox.paypal.com/v1/payments/payment
[18-03-2021 07:47:44] PayPal\Core\PayPalHttpConnection : INFO: Response Status 	: 201
[20-03-2021 09:05:02] PayPal\Core\PayPalHttpConnection : INFO: POST https://api.sandbox.paypal.com/v1/oauth2/token
[20-03-2021 09:05:05] PayPal\Core\PayPalHttpConnection : INFO: Response Status 	: 200
[20-03-2021 09:05:05] PayPal\Core\PayPalHttpConnection : INFO: POST https://api.sandbox.paypal.com/v1/payments/payment
[20-03-2021 09:05:06] PayPal\Core\PayPalHttpConnection : INFO: Response Status 	: 400
[20-03-2021 09:05:06] PayPal\Core\PayPalHttpConnection : ERROR: Got Http response code 400 when accessing https://api.sandbox.paypal.com/v1/payments/payment. {"name":"VALIDATION_ERROR","details":[{"field":"transactions[0].amount","issue":"Amount cannot be zero"}],"message":"Invalid request - see details","information_link":"https://developer.paypal.com/docs/api/payments/#errors","debug_id":"129f3d181e806"}
[20-03-2021 09:05:29] PayPal\Core\PayPalHttpConnection : INFO: POST https://api.sandbox.paypal.com/v1/payments/payment
[20-03-2021 09:05:30] PayPal\Core\PayPalHttpConnection : INFO: Response Status 	: 400
[20-03-2021 09:05:30] PayPal\Core\PayPalHttpConnection : ERROR: Got Http response code 400 when accessing https://api.sandbox.paypal.com/v1/payments/payment. {"name":"VALIDATION_ERROR","details":[{"field":"transactions[0].amount","issue":"Amount cannot be zero"}],"message":"Invalid request - see details","information_link":"https://developer.paypal.com/docs/api/payments/#errors","debug_id":"70b7e1d3848e3"}
[20-03-2021 09:06:24] PayPal\Core\PayPalHttpConnection : INFO: POST https://api.sandbox.paypal.com/v1/payments/payment
[20-03-2021 09:06:25] PayPal\Core\PayPalHttpConnection : INFO: Response Status 	: 400
[20-03-2021 09:06:25] PayPal\Core\PayPalHttpConnection : ERROR: Got Http response code 400 when accessing https://api.sandbox.paypal.com/v1/payments/payment. {"name":"VALIDATION_ERROR","details":[{"field":"transactions[0].amount","issue":"Amount cannot be zero"}],"message":"Invalid request - see details","information_link":"https://developer.paypal.com/docs/api/payments/#errors","debug_id":"93af331a92a62"}
[20-03-2021 09:06:33] PayPal\Core\PayPalHttpConnection : INFO: POST https://api.sandbox.paypal.com/v1/payments/payment
[20-03-2021 09:06:34] PayPal\Core\PayPalHttpConnection : INFO: Response Status 	: 400
[20-03-2021 09:06:34] PayPal\Core\PayPalHttpConnection : ERROR: Got Http response code 400 when accessing https://api.sandbox.paypal.com/v1/payments/payment. {"name":"VALIDATION_ERROR","details":[{"field":"transactions[0].amount","issue":"Amount cannot be zero"}],"message":"Invalid request - see details","information_link":"https://developer.paypal.com/docs/api/payments/#errors","debug_id":"94d714e0e5775"}
[20-03-2021 09:10:59] PayPal\Core\PayPalHttpConnection : INFO: POST https://api.sandbox.paypal.com/v1/payments/payment
[20-03-2021 09:11:01] PayPal\Core\PayPalHttpConnection : INFO: Response Status 	: 400
[20-03-2021 09:11:01] PayPal\Core\PayPalHttpConnection : ERROR: Got Http response code 400 when accessing https://api.sandbox.paypal.com/v1/payments/payment. {"name":"VALIDATION_ERROR","details":[{"field":"transactions[0].amount","issue":"Amount cannot be zero"}],"message":"Invalid request - see details","information_link":"https://developer.paypal.com/docs/api/payments/#errors","debug_id":"fb8db407dda09"}
[20-03-2021 09:15:34] PayPal\Core\PayPalHttpConnection : INFO: POST https://api.sandbox.paypal.com/v1/payments/payment
[20-03-2021 09:15:36] PayPal\Core\PayPalHttpConnection : INFO: Response Status 	: 201
[20-03-2021 08:15:45] PayPal\Core\PayPalHttpConnection : INFO: POST https://api.sandbox.paypal.com/v1/oauth2/token
[20-03-2021 08:15:47] PayPal\Core\PayPalHttpConnection : INFO: Response Status 	: 200
[20-03-2021 08:15:47] PayPal\Core\PayPalHttpConnection : INFO: POST https://api.sandbox.paypal.com/v1/payments/payment
[20-03-2021 08:15:48] PayPal\Core\PayPalHttpConnection : INFO: Response Status 	: 201
[20-03-2021 08:17:03] PayPal\Core\PayPalHttpConnection : INFO: GET https://api.sandbox.paypal.com/v1/payments/payment/PAYID-MBLETZA6KS5502975034131C
[20-03-2021 08:17:05] PayPal\Core\PayPalHttpConnection : INFO: Response Status 	: 200
[20-03-2021 08:17:05] PayPal\Core\PayPalHttpConnection : INFO: POST https://api.sandbox.paypal.com/v1/payments/payment/PAYID-MBLETZA6KS5502975034131C/execute
[20-03-2021 08:17:08] PayPal\Core\PayPalHttpConnection : INFO: Response Status 	: 200
[20-03-2021 08:21:59] PayPal\Core\PayPalHttpConnection : INFO: POST https://api.sandbox.paypal.com/v1/payments/payment
[20-03-2021 08:22:00] PayPal\Core\PayPalHttpConnection : INFO: Response Status 	: 201
[20-03-2021 08:22:23] PayPal\Core\PayPalHttpConnection : INFO: GET https://api.sandbox.paypal.com/v1/payments/payment/PAYID-MBLEWWA507737257S7459228
[20-03-2021 08:22:24] PayPal\Core\PayPalHttpConnection : INFO: Response Status 	: 200
[20-03-2021 08:22:24] PayPal\Core\PayPalHttpConnection : INFO: POST https://api.sandbox.paypal.com/v1/payments/payment/PAYID-MBLEWWA507737257S7459228/execute
[20-03-2021 08:22:27] PayPal\Core\PayPalHttpConnection : INFO: Response Status 	: 200
[20-03-2021 08:32:30] PayPal\Core\PayPalHttpConnection : INFO: POST https://api.sandbox.paypal.com/v1/payments/payment
[20-03-2021 08:32:33] PayPal\Core\PayPalHttpConnection : INFO: Response Status 	: 201
[20-03-2021 08:33:02] PayPal\Core\PayPalHttpConnection : INFO: GET https://api.sandbox.paypal.com/v1/payments/payment/PAYID-MBLE3UA75P80275ED328403B
[20-03-2021 08:33:03] PayPal\Core\PayPalHttpConnection : INFO: Response Status 	: 200
[20-03-2021 08:33:03] PayPal\Core\PayPalHttpConnection : INFO: POST https://api.sandbox.paypal.com/v1/payments/payment/PAYID-MBLE3UA75P80275ED328403B/execute
[20-03-2021 08:33:06] PayPal\Core\PayPalHttpConnection : INFO: Response Status 	: 200
[22-03-2021 07:10:54] PayPal\Core\PayPalHttpConnection : INFO: POST https://api.sandbox.paypal.com/v1/oauth2/token
[22-03-2021 07:10:58] PayPal\Core\PayPalHttpConnection : INFO: Response Status 	: 200
[22-03-2021 07:10:58] PayPal\Core\PayPalHttpConnection : INFO: POST https://api.sandbox.paypal.com/v1/payments/payment
[22-03-2021 07:10:59] PayPal\Core\PayPalHttpConnection : INFO: Response Status 	: 201
[24-03-2021 02:42:18] PayPal\Core\PayPalHttpConnection : INFO: POST https://api.sandbox.paypal.com/v1/oauth2/token
[24-03-2021 02:42:20] PayPal\Core\PayPalHttpConnection : INFO: Response Status 	: 200
[24-03-2021 02:42:20] PayPal\Core\PayPalHttpConnection : INFO: POST https://api.sandbox.paypal.com/v1/payments/payment
[24-03-2021 02:42:22] PayPal\Core\PayPalHttpConnection : INFO: Response Status 	: 201
[24-03-2021 02:43:18] PayPal\Core\PayPalHttpConnection : INFO: GET https://api.sandbox.paypal.com/v1/payments/payment/PAYID-MBNUDPY06E161138Y162443G
[24-03-2021 02:43:19] PayPal\Core\PayPalHttpConnection : INFO: Response Status 	: 200
[24-03-2021 02:43:19] PayPal\Core\PayPalHttpConnection : INFO: POST https://api.sandbox.paypal.com/v1/payments/payment/PAYID-MBNUDPY06E161138Y162443G/execute
[24-03-2021 02:43:22] PayPal\Core\PayPalHttpConnection : INFO: Response Status 	: 200
[02-04-2021 03:32:44] PayPal\Core\PayPalHttpConnection : INFO: POST https://api.sandbox.paypal.com/v1/oauth2/token
[02-04-2021 03:32:46] PayPal\Core\PayPalHttpConnection : INFO: Response Status 	: 200
[02-04-2021 03:32:46] PayPal\Core\PayPalHttpConnection : INFO: POST https://api.sandbox.paypal.com/v1/payments/payment
[02-04-2021 03:32:48] PayPal\Core\PayPalHttpConnection : INFO: Response Status 	: 201
[18-07-2021 01:06:26] PayPal\Core\PayPalHttpConnection : INFO: POST https://api.sandbox.paypal.com/v1/oauth2/token
[18-07-2021 01:06:27] PayPal\Core\PayPalHttpConnection : INFO: Response Status 	: 401
[18-07-2021 01:06:27] PayPal\Core\PayPalHttpConnection : ERROR: Got Http response code 401 when accessing https://api.sandbox.paypal.com/v1/oauth2/token. {"error":"invalid_client","error_description":"Client Authentication failed"}
